<?xml version="1.0" encoding="UTF-8"?>
<robot generator="Robot 6.0.2 (Python 3.10.6 on linux)" generated="20230706 18:45:37.521" rpa="false" schemaversion="3">
<suite id="s1" name="Preenchimento Incorreto do Formulario" source="/home/vboxuser/Desktop/Projects/QA-RobotFramework-Project-Organo/Preenchimento_Incorreto_do_Formulario.robot">
<test id="s1-t1" name="Verificar se quando um campo obrigatorio nao esta preenchido corretamentamente" line="11">
<kw name="Dado que eu acesse o Organo" library="Setup_teardown" type="SETUP">
<kw name="Open Browser" library="SeleniumLibrary">
<arg>url=http://localhost:3000/</arg>
<arg>browser=Chrome</arg>
<doc>Opens a new browser instance to the optional ``url``.</doc>
<msg timestamp="20230706 18:45:37.678" level="INFO">Opening browser 'Chrome' to base url 'http://localhost:3000/'.</msg>
<status status="PASS" starttime="20230706 18:45:37.678" endtime="20230706 18:45:39.935"/>
</kw>
<status status="PASS" starttime="20230706 18:45:37.677" endtime="20230706 18:45:39.935"/>
</kw>
<kw name="Dado que eu clique no botao criar card">
<kw name="Click Element" library="SeleniumLibrary">
<arg>${Botao_Criar_Card}</arg>
<doc>Click the element identified by ``locator``.</doc>
<msg timestamp="20230706 18:45:39.936" level="INFO">Clicking element 'id=form-botao'.</msg>
<status status="PASS" starttime="20230706 18:45:39.936" endtime="20230706 18:45:40.637"/>
</kw>
<status status="PASS" starttime="20230706 18:45:39.935" endtime="20230706 18:45:40.638"/>
</kw>
<kw name="Entao sistema deve apresentar mensagem de campo obrigatorio">
<kw name="Element Should Be Visible" library="SeleniumLibrary">
<arg>id:form-nome-erro</arg>
<doc>Verifies that the element identified by ``locator`` is visible.</doc>
<msg timestamp="20230706 18:45:40.923" level="INFO">Element 'id:form-nome-erro' is displayed.</msg>
<status status="PASS" starttime="20230706 18:45:40.639" endtime="20230706 18:45:40.923"/>
</kw>
<kw name="Element Should Be Visible" library="SeleniumLibrary">
<arg>id:form-cargo-erro</arg>
<doc>Verifies that the element identified by ``locator`` is visible.</doc>
<msg timestamp="20230706 18:45:41.160" level="INFO">Element 'id:form-cargo-erro' is displayed.</msg>
<status status="PASS" starttime="20230706 18:45:40.924" endtime="20230706 18:45:41.160"/>
</kw>
<kw name="Element Should Be Visible" library="SeleniumLibrary">
<arg>id:form-times-erro</arg>
<doc>Verifies that the element identified by ``locator`` is visible.</doc>
<msg timestamp="20230706 18:45:41.399" level="INFO">Element 'id:form-times-erro' is displayed.</msg>
<status status="PASS" starttime="20230706 18:45:41.160" endtime="20230706 18:45:41.399"/>
</kw>
<status status="PASS" starttime="20230706 18:45:40.639" endtime="20230706 18:45:41.399"/>
</kw>
<kw name="Fechar o navegador" library="Setup_teardown" type="TEARDOWN">
<kw name="Close All Browsers" library="SeleniumLibrary">
<doc>Closes all open browsers and resets the browser cache.</doc>
<status status="PASS" starttime="20230706 18:45:41.400" endtime="20230706 18:45:41.480"/>
</kw>
<status status="PASS" starttime="20230706 18:45:41.400" endtime="20230706 18:45:41.480"/>
</kw>
<status status="PASS" starttime="20230706 18:45:37.676" endtime="20230706 18:45:41.481"/>
</test>
<status status="PASS" starttime="20230706 18:45:37.522" endtime="20230706 18:45:41.481"/>
</suite>
<statistics>
<total>
<stat pass="1" fail="0" skip="0">All Tests</stat>
</total>
<tag>
</tag>
<suite>
<stat pass="1" fail="0" skip="0" id="s1" name="Preenchimento Incorreto do Formulario">Preenchimento Incorreto do Formulario</stat>
</suite>
</statistics>
<errors>
</errors>
</robot>
